#
# There is insufficient memory for the Java Runtime Environment to continue.
# Native memory allocation (malloc) failed to allocate 604976 bytes for Chunk::new
# Possible reasons:
#   The system is out of physical RAM or swap space
#   In 32 bit mode, the process size limit was hit
# Possible solutions:
#   Reduce memory load on the system
#   Increase physical memory or swap space
#   Check if swap backing store is full
#   Use 64 bit Java on a 64 bit OS
#   Decrease Java heap size (-Xmx/-Xms)
#   Decrease number of Java threads
#   Decrease Java thread stack sizes (-Xss)
#   Set larger code cache with -XX:ReservedCodeCacheSize=
# This output file may be truncated or incomplete.
#
#  Out of Memory Error (allocation.cpp:390), pid=27164, tid=0x0000000000006b6c
#
# JRE version: OpenJDK Runtime Environment (8.0_112-b06) (build 1.8.0_112-release-b06)
# Java VM: OpenJDK 64-Bit Server VM (25.112-b06 mixed mode windows-amd64 compressed oops)
# Failed to write core dump. Minidumps are not enabled by default on client versions of Windows
#

---------------  T H R E A D  ---------------

Current thread (0x000000001d46e800):  JavaThread "C2 CompilerThread1" daemon [_thread_in_native, id=27500, stack(0x000000001db30000,0x000000001dc30000)]

Stack: [0x000000001db30000,0x000000001dc30000]
[error occurred during error reporting (printing stack bounds), id 0xc0000005]

Native frames: (J=compiled Java code, j=interpreted, Vv=VM code, C=native code)


Current CompileTask:
C2:   2809 1669       4       com.android.dx.dex.code.RopToDop::dopFor (800 bytes)


---------------  P R O C E S S  ---------------

Java Threads: ( => current thread )
  0x000000001d6cc800 JavaThread "pool-2-thread-4" [_thread_in_vm, id=21228, stack(0x000000001e330000,0x000000001e430000)]
  0x000000001d6c0000 JavaThread "pool-2-thread-3" [_thread_blocked, id=26760, stack(0x000000001e230000,0x000000001e330000)]
  0x000000001d6bf800 JavaThread "pool-2-thread-2" [_thread_blocked, id=27556, stack(0x000000001e130000,0x000000001e230000)]
  0x000000001d72b000 JavaThread "pool-3-thread-1" [_thread_blocked, id=27520, stack(0x000000001e030000,0x000000001e130000)]
  0x000000001d72a800 JavaThread "pool-2-thread-1" [_thread_blocked, id=27560, stack(0x000000001df30000,0x000000001e030000)]
  0x000000001d490000 JavaThread "Service Thread" daemon [_thread_blocked, id=27516, stack(0x000000001dd30000,0x000000001de30000)]
  0x000000001d48a800 JavaThread "C1 CompilerThread2" daemon [_thread_blocked, id=27508, stack(0x000000001dc30000,0x000000001dd30000)]
=>0x000000001d46e800 JavaThread "C2 CompilerThread1" daemon [_thread_in_native, id=27500, stack(0x000000001db30000,0x000000001dc30000)]
  0x000000001c128000 JavaThread "C2 CompilerThread0" daemon [_thread_in_native, id=26820, stack(0x000000001da30000,0x000000001db30000)]
  0x000000001c127800 JavaThread "Attach Listener" daemon [_thread_blocked, id=27588, stack(0x000000001d930000,0x000000001da30000)]
  0x000000001c0e3000 JavaThread "Signal Dispatcher" daemon [_thread_blocked, id=23876, stack(0x000000001d830000,0x000000001d930000)]
  0x0000000002986000 JavaThread "Finalizer" daemon [_thread_blocked, id=27644, stack(0x000000001d330000,0x000000001d430000)]
  0x0000000002980800 JavaThread "Reference Handler" daemon [_thread_blocked, id=26984, stack(0x000000001d230000,0x000000001d330000)]
  0x00000000029fd800 JavaThread "main" [_thread_in_vm, id=26816, stack(0x0000000002410000,0x0000000002510000)]

Other Threads:
  0x000000001c095000 VMThread [stack: 0x000000001d130000,0x000000001d230000] [id=26968]
  0x000000001d491000 WatcherThread [stack: 0x000000001de30000,0x000000001df30000] [id=27128]

VM state:not at safepoint (normal execution)

VM Mutex/Monitor currently owned by a thread: None

Heap:
 PSYoungGen      total 70656K, used 37853K [0x000000076ab00000, 0x000000076f500000, 0x00000007c0000000)
  eden space 65536K, 49% used [0x000000076ab00000,0x000000076caf8050,0x000000076eb00000)
  from space 5120K, 99% used [0x000000076f000000,0x000000076f4ff730,0x000000076f500000)
  to   space 5120K, 0% used [0x000000076eb00000,0x000000076eb00000,0x000000076f000000)
 ParOldGen       total 86016K, used 6482K [0x00000006c0000000, 0x00000006c5400000, 0x000000076ab00000)
  object space 86016K, 7% used [0x00000006c0000000,0x00000006c0654888,0x00000006c5400000)
 Metaspace       used 6216K, capacity 7152K, committed 7296K, reserved 1056768K
  class space    used 590K, capacity 616K, committed 640K, reserved 1048576K

Card table byte_map: [0x0000000011dc0000,0x00000000125d0000] byte_map_base: 0x000000000e7c0000

Marking Bits: (ParMarkBitMap*) 0x00000000516d18f0
 Begin Bits: [0x0000000012f30000, 0x0000000016f30000)
 End Bits:   [0x0000000016f30000, 0x000000001af30000)

Polling page: 0x0000000000ad0000

CodeCache: size=245760Kb used=7035Kb max_used=7035Kb free=238724Kb
 bounds [0x0000000002a00000, 0x00000000030f0000, 0x0000000011a00000]
 total_blobs=1909 nmethods=1644 adapters=179
 compilation: enabled

Compilation events (10 events):
Event: 2.773 Thread 0x000000001d48a800 1703       2       com.android.dx.dex.code.RopTranslator::<init> (190 bytes)
Event: 2.774 Thread 0x000000001d48a800 nmethod 1703 0x00000000030e0d90 code [0x00000000030e0f60, 0x00000000030e1738]
Event: 2.774 Thread 0x000000001d48a800 1704       2       com.android.dx.dex.code.OutputFinisher::<init> (48 bytes)
Event: 2.774 Thread 0x000000001d48a800 nmethod 1704 0x00000000030e1c50 code [0x00000000030e1dc0, 0x00000000030e1fe8]
Event: 2.774 Thread 0x000000001d48a800 1705       2       com.android.dx.dex.code.RopTranslator::translateAndGetResult (48 bytes)
Event: 2.774 Thread 0x000000001d48a800 nmethod 1705 0x00000000030e20d0 code [0x00000000030e2280, 0x00000000030e2638]
Event: 2.774 Thread 0x000000001d48a800 1706       2       com.android.dx.dex.code.OutputCollector::appendSuffixToOutput (45 bytes)
Event: 2.775 Thread 0x000000001d48a800 nmethod 1706 0x00000000030e2890 code [0x00000000030e2a40, 0x00000000030e2f18]
Event: 2.776 Thread 0x000000001d48a800 1707       2       com.android.dx.rop.cst.CstArray$List::set (7 bytes)
Event: 2.776 Thread 0x000000001d48a800 nmethod 1707 0x00000000030e3490 code [0x00000000030e3640, 0x00000000030e3a88]

GC Heap History (4 events):
Event: 1.104 GC heap before
{Heap before GC invocations=1 (full 0):
 PSYoungGen      total 37888K, used 32768K [0x000000076ab00000, 0x000000076d500000, 0x00000007c0000000)
  eden space 32768K, 100% used [0x000000076ab00000,0x000000076cb00000,0x000000076cb00000)
  from space 5120K, 0% used [0x000000076d000000,0x000000076d000000,0x000000076d500000)
  to   space 5120K, 0% used [0x000000076cb00000,0x000000076cb00000,0x000000076d000000)
 ParOldGen       total 86016K, used 0K [0x00000006c0000000, 0x00000006c5400000, 0x000000076ab00000)
  object space 86016K, 0% used [0x00000006c0000000,0x00000006c0000000,0x00000006c5400000)
 Metaspace       used 5885K, capacity 6960K, committed 7040K, reserved 1056768K
  class space    used 572K, capacity 616K, committed 640K, reserved 1048576K
Event: 1.128 GC heap after
Heap after GC invocations=1 (full 0):
 PSYoungGen      total 37888K, used 5115K [0x000000076ab00000, 0x000000076f500000, 0x00000007c0000000)
  eden space 32768K, 0% used [0x000000076ab00000,0x000000076ab00000,0x000000076cb00000)
  from space 5120K, 99% used [0x000000076cb00000,0x000000076cffeee8,0x000000076d000000)
  to   space 5120K, 0% used [0x000000076f000000,0x000000076f000000,0x000000076f500000)
 ParOldGen       total 86016K, used 1668K [0x00000006c0000000, 0x00000006c5400000, 0x000000076ab00000)
  object space 86016K, 1% used [0x00000006c0000000,0x00000006c01a12e8,0x00000006c5400000)
 Metaspace       used 5885K, capacity 6960K, committed 7040K, reserved 1056768K
  class space    used 572K, capacity 616K, committed 640K, reserved 1048576K
}
Event: 1.864 GC heap before
{Heap before GC invocations=2 (full 0):
 PSYoungGen      total 37888K, used 37883K [0x000000076ab00000, 0x000000076f500000, 0x00000007c0000000)
  eden space 32768K, 100% used [0x000000076ab00000,0x000000076cb00000,0x000000076cb00000)
  from space 5120K, 99% used [0x000000076cb00000,0x000000076cffeee8,0x000000076d000000)
  to   space 5120K, 0% used [0x000000076f000000,0x000000076f000000,0x000000076f500000)
 ParOldGen       total 86016K, used 1668K [0x00000006c0000000, 0x00000006c5400000, 0x000000076ab00000)
  object space 86016K, 1% used [0x00000006c0000000,0x00000006c01a12e8,0x00000006c5400000)
 Metaspace       used 6147K, capacity 7088K, committed 7296K, reserved 1056768K
  class space    used 590K, capacity 616K, committed 640K, reserved 1048576K
Event: 1.980 GC heap after
Heap after GC invocations=2 (full 0):
 PSYoungGen      total 70656K, used 5117K [0x000000076ab00000, 0x000000076f500000, 0x00000007c0000000)
  eden space 65536K, 0% used [0x000000076ab00000,0x000000076ab00000,0x000000076eb00000)
  from space 5120K, 99% used [0x000000076f000000,0x000000076f4ff730,0x000000076f500000)
  to   space 5120K, 0% used [0x000000076eb00000,0x000000076eb00000,0x000000076f000000)
 ParOldGen       total 86016K, used 6482K [0x00000006c0000000, 0x00000006c5400000, 0x000000076ab00000)
  object space 86016K, 7% used [0x00000006c0000000,0x00000006c0654888,0x00000006c5400000)
 Metaspace       used 6147K, capacity 7088K, committed 7296K, reserved 1056768K
  class space    used 590K, capacity 616K, committed 640K, reserved 1048576K
}

Deoptimization events (10 events):
Event: 1.387 Thread 0x000000001d6bf800 Uncommon trap: reason=unstable_if action=reinterpret pc=0x0000000002c4115c method=com.android.dx.rop.code.LocalItem.hashCode()I @ 25
Event: 1.434 Thread 0x00000000029fd800 Uncommon trap: reason=unstable_if action=reinterpret pc=0x0000000002f62c88 method=com.android.dx.rop.code.RegisterSpecSet.localItemToSpec(Lcom/android/dx/rop/code/LocalItem;)Lcom/android/dx/rop/code/RegisterSpec; @ 35
Event: 1.654 Thread 0x000000001d6cc800 Uncommon trap: reason=class_check action=maybe_recompile pc=0x0000000002ffbd08 method=com.android.dx.cf.code.BytecodeArray.parseInstruction(ILcom/android/dx/cf/code/BytecodeArray$Visitor;)I @ 987
Event: 1.654 Thread 0x000000001d6cc800 Uncommon trap: reason=class_check action=maybe_recompile pc=0x0000000002ffbd08 method=com.android.dx.cf.code.BytecodeArray.parseInstruction(ILcom/android/dx/cf/code/BytecodeArray$Visitor;)I @ 987
Event: 1.672 Thread 0x000000001d6c0000 Uncommon trap: reason=class_check action=maybe_recompile pc=0x0000000002ffbd08 method=com.android.dx.cf.code.BytecodeArray.parseInstruction(ILcom/android/dx/cf/code/BytecodeArray$Visitor;)I @ 987
Event: 1.672 Thread 0x000000001d6c0000 Uncommon trap: reason=class_check action=maybe_recompile pc=0x0000000002ffbd08 method=com.android.dx.cf.code.BytecodeArray.parseInstruction(ILcom/android/dx/cf/code/BytecodeArray$Visitor;)I @ 987
Event: 1.674 Thread 0x000000001d6c0000 Uncommon trap: reason=unstable_if action=reinterpret pc=0x0000000002e1c5fc method=java.util.HashMap.putVal(ILjava/lang/Object;Ljava/lang/Object;ZZ)Ljava/lang/Object; @ 109
Event: 1.997 Thread 0x00000000029fd800 Uncommon trap: reason=unstable_if action=reinterpret pc=0x0000000002c91594 method=com.android.dx.rop.code.LocalItem.hashCode()I @ 25
Event: 2.780 Thread 0x000000001d6c0000 Uncommon trap: reason=bimorphic action=maybe_recompile pc=0x0000000003068884 method=com.android.dx.cf.code.BytecodeArray.parseInstruction(ILcom/android/dx/cf/code/BytecodeArray$Visitor;)I @ 1287
Event: 2.780 Thread 0x000000001d6c0000 Uncommon trap: reason=bimorphic action=maybe_recompile pc=0x0000000003068884 method=com.android.dx.cf.code.BytecodeArray.parseInstruction(ILcom/android/dx/cf/code/BytecodeArray$Visitor;)I @ 1287

Internal exceptions (5 events):
Event: 0.057 Thread 0x00000000029fd800 Exception <a 'java/lang/NoSuchMethodError': Method sun.misc.Unsafe.defineClass(Ljava/lang/String;[BII)Ljava/lang/Class; name or signature does not match> (0x000000076ab07c78) thrown at [C:\src\android\AOSP-openjdk\external\jetbrains\jdk\hotspot\src\share\vqƒYŒ­?
Event: 0.057 Thread 0x00000000029fd800 Exception <a 'java/lang/NoSuchMethodError': Method sun.misc.Unsafe.prefetchRead(Ljava/lang/Object;J)V name or signature does not match> (0x000000076ab07f60) thrown at [C:\src\android\AOSP-openjdk\external\jetbrains\jdk\hotspot\src\share\vm\prims\jni.cpp, lä)Ïv^ö?
Event: 1.378 Thread 0x000000001d72a800 Exception <a 'java/lang/ArrayIndexOutOfBoundsException': 18> (0x000000076b912880) thrown at [C:\src\android\AOSP-openjdk\external\jetbrains\jdk\hotspot\src\share\vm\interpreter\interpreterRuntime.cpp, line 366]
Event: 1.378 Thread 0x000000001d72a800 Exception <a 'java/lang/ArrayIndexOutOfBoundsException': 145> (0x000000076b914400) thrown at [C:\src\android\AOSP-openjdk\external\jetbrains\jdk\hotspot\src\share\vm\interpreter\interpreterRuntime.cpp, line 366]
Event: 1.379 Thread 0x000000001d72a800 Exception <a 'java/lang/ArrayIndexOutOfBoundsException'> (0x000000076b9156e8) thrown at [C:\src\android\AOSP-openjdk\external\jetbrains\jdk\hotspot\src\share\vm\runtime\sharedRuntime.cpp, line 605]

Events (10 events):
Event: 2.768 Thread 0x000000001d6c0000 DEOPT PACKING pc=0x0000000002e2ded1 sp=0x000000001e32ea60
Event: 2.768 Thread 0x000000001d6c0000 DEOPT UNPACKING pc=0x0000000002a475bf sp=0x000000001e32e890 mode 0
Event: 2.778 Thread 0x000000001d6c0000 DEOPT PACKING pc=0x0000000002e25601 sp=0x000000001e32eb20
Event: 2.778 Thread 0x000000001d6c0000 DEOPT UNPACKING pc=0x0000000002a475bf sp=0x000000001e32e8b0 mode 0
Event: 2.780 Thread 0x000000001d6c0000 Uncommon trap: trap_request=0xffffffc6 fr.pc=0x0000000003068884
Event: 2.780 Thread 0x000000001d6c0000 DEOPT PACKING pc=0x0000000003068884 sp=0x000000001e32e900
Event: 2.780 Thread 0x000000001d6c0000 DEOPT UNPACKING pc=0x0000000002a4556a sp=0x000000001e32e8a8 mode 2
Event: 2.780 Thread 0x000000001d6c0000 Uncommon trap: trap_request=0xffffffc6 fr.pc=0x0000000003068884
Event: 2.780 Thread 0x000000001d6c0000 DEOPT PACKING pc=0x0000000003068884 sp=0x000000001e32e760
Event: 2.780 Thread 0x000000001d6c0000 DEOPT UNPACKING pc=0x0000000002a4556a sp=0x000000001e32e708 mode 2


Dynamic libraries:
0x00007ff72b7e0000 - 0x00007ff72b811000 	D:\Program Files\Android\Android Studio\jre\bin\java.exe
0x00007ffcd11e0000 - 0x00007ffcd13bb000 	C:\WINDOWS\SYSTEM32\ntdll.dll
0x00007ffcd0c50000 - 0x00007ffcd0cfe000 	C:\WINDOWS\System32\KERNEL32.DLL
0x00007ffcce4a0000 - 0x00007ffcce6e9000 	C:\WINDOWS\System32\KERNELBASE.dll
0x00007ffcce850000 - 0x00007ffcce8f1000 	C:\WINDOWS\System32\ADVAPI32.dll
0x00007ffcce900000 - 0x00007ffcce99d000 	C:\WINDOWS\System32\msvcrt.dll
0x00007ffccf7a0000 - 0x00007ffccf7f9000 	C:\WINDOWS\System32\sechost.dll
0x00007ffcd10b0000 - 0x00007ffcd11d5000 	C:\WINDOWS\System32\RPCRT4.dll
0x00007ffccea90000 - 0x00007ffccebda000 	C:\WINDOWS\System32\USER32.dll
0x00007ffcce380000 - 0x00007ffcce39e000 	C:\WINDOWS\System32\win32u.dll
0x00007ffcd0e20000 - 0x00007ffcd0e47000 	C:\WINDOWS\System32\GDI32.dll
0x00007ffccd760000 - 0x00007ffccd8e7000 	C:\WINDOWS\System32\gdi32full.dll
0x00007ffccdff0000 - 0x00007ffcce08a000 	C:\WINDOWS\System32\msvcp_win.dll
0x00007ffcce3a0000 - 0x00007ffcce496000 	C:\WINDOWS\System32\ucrtbase.dll
0x00007ffcc05c0000 - 0x00007ffcc0827000 	C:\WINDOWS\WinSxS\amd64_microsoft.windows.common-controls_6595b64144ccf1df_6.0.15063.483_none_26002d27e7c744a2\COMCTL32.dll
0x00007ffccebf0000 - 0x00007ffcceee9000 	C:\WINDOWS\System32\combase.dll
0x00007ffcce310000 - 0x00007ffcce37a000 	C:\WINDOWS\System32\bcryptPrimitives.dll
0x00007ffccea60000 - 0x00007ffccea8d000 	C:\WINDOWS\System32\IMM32.DLL
0x0000000050d50000 - 0x0000000050e22000 	D:\Program Files\Android\Android Studio\jre\jre\bin\msvcr100.dll
0x0000000050f10000 - 0x000000005174c000 	D:\Program Files\Android\Android Studio\jre\jre\bin\server\jvm.dll
0x00007ffccf800000 - 0x00007ffccf808000 	C:\WINDOWS\System32\PSAPI.DLL
0x00007ffcca630000 - 0x00007ffcca639000 	C:\WINDOWS\SYSTEM32\WSOCK32.dll
0x00007ffccf730000 - 0x00007ffccf79c000 	C:\WINDOWS\System32\WS2_32.dll
0x00007ffccb880000 - 0x00007ffccb8a3000 	C:\WINDOWS\SYSTEM32\WINMM.dll
0x00007ffcc9d10000 - 0x00007ffcc9d1a000 	C:\WINDOWS\SYSTEM32\VERSION.dll
0x00007ffccb6f0000 - 0x00007ffccb71b000 	C:\WINDOWS\SYSTEM32\WINMMBASE.dll
0x00007ffcce6f0000 - 0x00007ffcce739000 	C:\WINDOWS\System32\cfgmgr32.dll
0x00007ffcca620000 - 0x00007ffcca62f000 	D:\Program Files\Android\Android Studio\jre\jre\bin\verify.dll
0x00007ffcca5f0000 - 0x00007ffcca619000 	D:\Program Files\Android\Android Studio\jre\jre\bin\java.dll
0x00007ffcca5d0000 - 0x00007ffcca5e6000 	D:\Program Files\Android\Android Studio\jre\jre\bin\zip.dll
0x00007ffccf810000 - 0x00007ffcd0c47000 	C:\WINDOWS\System32\SHELL32.dll
0x00007ffcd0fa0000 - 0x00007ffcd104a000 	C:\WINDOWS\System32\shcore.dll
0x00007ffccd8f0000 - 0x00007ffccdfe1000 	C:\WINDOWS\System32\windows.storage.dll
0x00007ffccf550000 - 0x00007ffccf5a1000 	C:\WINDOWS\System32\shlwapi.dll
0x00007ffccd6e0000 - 0x00007ffccd6f1000 	C:\WINDOWS\System32\kernel.appcore.dll
0x00007ffccd670000 - 0x00007ffccd6bc000 	C:\WINDOWS\System32\powrprof.dll
0x00007ffccd650000 - 0x00007ffccd665000 	C:\WINDOWS\System32\profapi.dll

VM Arguments:
jvm_args: -Djava.awt.headless=true -Xmx4g -Dfile.encoding=GBK -Duser.country=CN -Duser.language=zh -Duser.variant 
java_command: com.android.dx.command.Main --dex --num-threads=4 --multi-dex --output F:\workspace\PullToRefreshAndLoad\app\build\intermediates\transforms\dex\debug\folders\1000\10\com.android.support-support-core-ui-26.0.0-alpha1_69996c4e71573e12cfba4e8b2ddbcee5f058eb23 F:\workspace\PullToRefreshAndLoad\app\build\intermediates\exploded-aar\com.android.support\support-core-ui\26.0.0-alpha1\jars\classes.jar
java_class_path (initial): C:\Users\tangrong\AppData\Local\Android\Sdk\build-tools\26.0.1\lib\dx.jar
Launcher Type: SUN_STANDARD

Environment Variables:
JAVA_HOME=D:\Program Files\Java\jdk1.8.0_144
JRE_HOME=D:\Program Files\Java\jre1.8.0_144
PATH=C:\Python27\;C:\Python27\Scripts;C:\ProgramData\Oracle\Java\javapath;C:\WINDOWS\system32;C:\WINDOWS;C:\WINDOWS\System32\Wbem;C:\WINDOWS\System32\WindowsPowerShell\v1.0\;C:\Program Files (x86)\NVIDIA Corporation\PhysX\Common;D:\Program Files\Java\jdk1.8.0_144\bin;D:\Program Files\Java\jdk1.8.0_144\lib;C:\Users\tangrong\AppData\Local\Android\Sdk\platform-tools;E:\apache-tomcat-9.0.0.M26;E:\apache-tomcat-9.0.0.M26\php;D:\Program Files (x86)\Brackets\command;D:\Program Files\Git\cmd;C:\ProgramData\chocolatey\bin;C:\Program Files\nodejs\;C:\Users\tangrong\AppData\Local\Microsoft\WindowsApps;C:\Users\tangrong\AppData\Local\GitHubDesktop\bin;C:\Users\tangrong\AppData\Roaming\npm
USERNAME=tangrong
OS=Windows_NT
PROCESSOR_IDENTIFIER=Intel64 Family 6 Model 158 Stepping 9, GenuineIntel



---------------  S Y S T E M  ---------------

OS: Windows 10.0 , 64 bit Build 15063 (10.0.15063.296)

CPU:total 4 (4 cores per cpu, 1 threads per core) family 6 model 158 stepping 9, cmov, cx8, fxsr, mmx, sse, sse2, sse3, ssse3, sse4.1, sse4.2, popcnt, avx, avx2, aes, clmul, erms, 3dnowpref, lzcnt, tsc, tscinvbit, bmi1, bmi2, adx

Memory: 4k page, physical 8251080k(540804k free), swap 16115396k(4452k free)

vm_info: OpenJDK 64-Bit Server VM (25.112-b06) for windows-amd64 JRE (1.8.0_112-release-b06), built on Dec  8 2016 00:54:26 by "builder" with MS VC++ 10.0 (VS2010)

time: Thu Nov 23 18:49:49 2017
elapsed time: 2 seconds (0d 0h 0m 2s)

